<?xml version="1.0" encoding="UTF-8"?>
<!-- Generated by org.testng.reporters.JUnitXMLReporter -->
<testsuite ignored="0" hostname="DESKTOP-N05JKM3" failures="0" tests="8" name="Test" time="45.611" errors="0" timestamp="2022-09-21T01:29:35 PDT">
  <testcase classname="test.VerifySingnUpPage" name="@BeforeClass openBrowser" time="0.008">
    <failure type="java.lang.IllegalStateException" message="The driver executable does not exist: C:\VELOCITY AUTOMATION FILES\chromedriver_win32\chromedriver.exe">
      <![CDATA[java.lang.IllegalStateException: The driver executable does not exist: C:\VELOCITY AUTOMATION FILES\chromedriver_win32\chromedriver.exe
at com.google.common.base.Preconditions.checkState(Preconditions.java:585)
at org.openqa.selenium.remote.service.DriverService.checkExecutable(DriverService.java:146)
at org.openqa.selenium.remote.service.DriverService.findExecutable(DriverService.java:141)
at org.openqa.selenium.chrome.ChromeDriverService.access$000(ChromeDriverService.java:35)
at org.openqa.selenium.chrome.ChromeDriverService$Builder.findDefaultExecutable(ChromeDriverService.java:159)
at org.openqa.selenium.remote.service.DriverService$Builder.build(DriverService.java:355)
at org.openqa.selenium.chrome.ChromeDriverService.createDefaultService(ChromeDriverService.java:94)
at org.openqa.selenium.chrome.ChromeDriver.<init>(ChromeDriver.java:123)
at test.VerifySingnUpPage.openBrowser(VerifySingnUpPage.java:27)
at java.base/java.util.ArrayList.forEach(ArrayList.java:1511)
... Removed 23 stack frames]]>
    </failure>
  </testcase> <!-- @BeforeClass openBrowser -->
  <testcase classname="test.VerifySingnUpPage" name="@BeforeMethod openHomePage" time="-1.663748957636E9">
    <skipped/>
  </testcase> <!-- @BeforeMethod openHomePage -->
  <testcase classname="test.VerifySingnUpPage" name="@AfterMethod closeApplication" time="-1.663748957654E9">
    <skipped/>
  </testcase> <!-- @AfterMethod closeApplication -->
  <testcase classname="test.VerifySingnUpPage" name="@AfterClass closebrowser" time="-1.663748957656E9">
    <skipped/>
  </testcase> <!-- @AfterClass closebrowser -->
  <testcase classname="test.VerifyAmazonHomePage" name="SignUpPage" time="0.323"/>
  <testcase classname="test.VerifyAmazonHomePage" name="SignUpPage" time="0.393"/>
  <testcase classname="test.VerifyAmazonHomePage" name="SignUpPage" time="0.308"/>
  <testcase classname="test.VerifyAmazonHomePage" name="verifyLanguage" time="2.592"/>
  <testcase classname="test.VerifyAmazonHomePage" name="addToCart" time="3.971"/>
  <testcase classname="test.VerifySingnUpPage" name="verifySignPage" time="0.0">
    <skipped/>
  </testcase> <!-- verifySignPage -->
  <testcase classname="automateAmezon.TestNG" name="beforTest" time="0.003"/>
  <testcase classname="test.VerifyPasswordPage" name="passwordPage" time="5.469"/>
</testsuite> <!-- Test -->
